2025-08-04 13:41:31,659 - WARNING - No se encontró 'C:\Users\RedesIP\Proyectos\APIs\front-script-api\dist\config.ini'. Iniciando GUI de configuración.
2025-08-04 13:42:43,577 - INFO - Configuración no encontrada. El programa se cerrará.
2025-08-04 13:43:16,014 - INFO - Archivo de configuración 'C:\Users\RedesIP\Proyectos\APIs\front-script-api\dist\config.ini' encontrado. Iniciando servicio.
2025-08-04 13:43:16,075 - INFO - Servicio de sincronización iniciado. Primera ejecución inmediata.
2025-08-04 13:43:16,077 - INFO - --- Iniciando ciclo de sincronización ---
2025-08-04 13:43:16,393 - INFO - Se obtuvieron 0 registros de la consulta.
2025-08-04 13:43:16,395 - INFO - -> La consulta se ejecutó, pero no se encontraron registros para la fecha actual.
2025-08-04 13:43:16,396 - INFO - --- Ciclo de sincronización finalizado ---
2025-08-04 13:58:16,932 - INFO - --- Iniciando ciclo de sincronización ---
2025-08-04 13:58:16,958 - INFO - Se obtuvieron 0 registros de la consulta.
2025-08-04 13:58:16,960 - INFO - -> La consulta se ejecutó, pero no se encontraron registros para la fecha actual.
2025-08-04 13:58:16,960 - INFO - --- Ciclo de sincronización finalizado ---
2025-08-04 14:01:38,368 - INFO - Sincronización manual solicitada.
2025-08-04 14:01:38,371 - INFO - --- Iniciando ciclo de sincronización ---
2025-08-04 14:01:38,398 - INFO - Se obtuvieron 5 registros de la consulta.
2025-08-04 14:01:38,400 - INFO - Contexto: Marca=BBW, País=PAN, Tipo=Retail
2025-08-04 14:01:38,400 - INFO - -> Se encontraron 5 registros. Mostrando detalle:
2025-08-04 14:01:38,400 - INFO -     {'Tienda': 'Tda G1', 'Caja': None, 'Numero_de_Facturas': 0, 'Importe_Facturas': 0.0, 'Numero_de_Compras': 1, 'Importe_Compras': 1500.0, 'Transacciones_Totales': 0, 'Transacciones_Pendientes': 0}
2025-08-04 14:01:38,400 - INFO -     {'Tienda': 'Tda G1', 'Caja': 'C1', 'Numero_de_Facturas': 2, 'Importe_Facturas': 325.0, 'Numero_de_Compras': 0, 'Importe_Compras': 0.0, 'Transacciones_Totales': 3, 'Transacciones_Pendientes': 1}
2025-08-04 14:01:38,401 - INFO -     {'Tienda': 'Tda G1', 'Caja': 'C2', 'Numero_de_Facturas': 1, 'Importe_Facturas': 1000.0, 'Numero_de_Compras': 0, 'Importe_Compras': 0.0, 'Transacciones_Totales': 2, 'Transacciones_Pendientes': 0}
2025-08-04 14:01:38,401 - INFO -     {'Tienda': 'Tda G2', 'Caja': None, 'Numero_de_Facturas': 0, 'Importe_Facturas': 0.0, 'Numero_de_Compras': 1, 'Importe_Compras': 800.0, 'Transacciones_Totales': 0, 'Transacciones_Pendientes': 0}
2025-08-04 14:01:38,401 - INFO -     {'Tienda': 'Tda G2', 'Caja': 'C3', 'Numero_de_Facturas': 1, 'Importe_Facturas': 400.0, 'Numero_de_Compras': 0, 'Importe_Compras': 0.0, 'Transacciones_Totales': 1, 'Transacciones_Pendientes': 1}
2025-08-04 14:01:38,401 - INFO - --- Fin del detalle de datos ---
2025-08-04 14:01:38,401 - INFO - --- Ciclo de sincronización finalizado ---
2025-08-04 14:05:38,794 - INFO - Solicitud de salida recibida.
2025-08-04 14:05:38,794 - INFO - Aplicación cerrada.
